>Feature 12236_Adenocarpus_foliolosus
<1	>768	gene
			gene	matK

>Feature C1412_Aeonium_arboreum
<1	>804	gene
			gene	matK

>Feature C1410_Aeonium_arboreum_ssp_arboreum
<1	>804	gene
			gene	matK

>Feature 1504_Aeonium_canariense
<1	>804	gene
			gene	matK

>Feature 13435_Aeonium_canariense_ssp_virgineum
<1	>804	gene
			gene	matK

>Feature 13709_Aeonium_percarneum
<1	>804	gene
			gene	matK

>Feature 13627_Aeonium_simsii
<1	>804	gene
			gene	matK

>Feature 6859_Aeonium_undulatum
<1	>804	gene
			gene	matK

>Feature 13695_Aichryson_pachycaulon
<1	>722	gene
			gene	matK

>Feature 13693_Aichryson_pachycaulon_ssp_praetermissum
<1	>722	gene
			gene	matK

>Feature NX1563_Aichryson_parlatorei
<1	>722	gene
			gene	matK

>Feature NX1892_Aichryson_porphyrogennetos
<1	>722	gene
			gene	matK

>Feature 13392_Aichryson_punctatum
<1	>722	gene
			gene	matK

>Feature 13229_Allagopappus_canariensis
<1	>827	gene
			gene	matK

>Feature 2348_Allagopappus_viscosissimus
<1	>827	gene
			gene	matK

>Feature NX1624_Anagyris_latifolia
<1	>796	gene
			gene	matK

>Feature 7363_Andryala_pinnatifida_ssp_pinnatifida
<1	>502	gene
			gene	matK

>Feature L12597_Arbutus_canariensis
<1	>819	gene
			gene	matK

>Feature 1631_Argyranthemum_adauctum
<1	>780	gene
			gene	matK

>Feature 1050_Argyranthemum_adauctum_ssp_canariense
<1	>780	gene
			gene	matK

>Feature 2366_Argyranthemum_adauctum_ssp_gracile
<1	>780	gene
			gene	matK

>Feature 16241_Argyranthemum_adauctum_ssp_jacobaeifolium
<1	>780	gene
			gene	matK

>Feature 1632_Argyranthemum_escarrei
<1	>814	gene
			gene	matK

>Feature 2357_Argyranthemum_filifolium
<1	>780	gene
			gene	matK

>Feature 13251_Argyranthemum_frutescens
<1	>780	gene
			gene	matK

>Feature 13252_Argyranthemum_frutescens_ssp_frutescens
<1	>780	gene
			gene	matK

>Feature 1600_Argyranthemum_frutescens_ssp_pumilum
<1	>780	gene
			gene	matK

>Feature 4207_Argyranthemum_lidii
<1	>801	gene
			gene	matK

>Feature 13396_Artemisia_ramosa
<1	>781	gene
			gene	matK

>Feature 13371_Artemisia_thuscula
<1	>780	gene
			gene	matK

>Feature 13538_Asparagus_arborescens
<1	>774	gene
			gene	matK

>Feature 13350_Asparagus_plocamoides
<1	>774	gene
			gene	matK

>Feature 12724_Asparagus_umbellatus
<1	>774	gene
			gene	matK

>Feature 6971_Asparagus_umbellatus_ssp_umbellatus
<1	>774	gene
			gene	matK

>Feature 4217_Asteriscus_graveolens
<1	>814	gene
			gene	matK

>Feature 11923_Asteriscus_graveolens_ssp_stenophyllus
<1	>643	gene
			gene	matK


>Feature 7792_Babcockia_platylepis
<1	>429	gene
			gene	matK

>Feature 3867_Bencomia_brachystachya
<1	>628	gene
			gene	matK

>Feature 13386_Bosea_yervamora
<1	>816	gene
			gene	matK

>Feature 1733_Bryonia_verrucosa
<1	>729	gene
			gene	matK

>Feature 1540_Bupleurum_salicifolium_ssp_aciphyllum
<1	>741	gene
			gene	matK

>Feature 8650_Bystropogon_canariensis
<1	>760	gene
			gene	matK

>Feature 6638_Bystropogon_origanifolius
<1	>760	gene
			gene	matK

>Feature 11844_Camptoloma_canariense
<1	>802	gene
			gene	matK

>Feature 12378_Campylanthus_salsoloides
<1	>830	gene
			gene	matK

>Feature 7415_Canarina_canariensis
<1	>822	gene
			gene	matK

>Feature NX21552_Carduus_baeocephalus_ssp_microstigma
<1	>814	gene
			gene	matK

>Feature NX213_Carduus_clavulatus
<1	>814	gene
			gene	matK

>Feature NX1560_Carex_canariensis
<1	>778	gene
			gene	matK

>Feature 12336_Carlina_canariensis
<1	>824	gene
			gene	matK

>Feature 12553_Carlina_texedae
<1	>824	gene
			gene	matK

>Feature 15088_Ceballosia_fruticosa
<1	>790	gene
			gene	matK

>Feature 7608_Ceropegia_fusca
<1	>775	gene
			gene	matK

>Feature 12694_Cheirolophus_arbutifolius
<1	>719	gene
			gene	matK

>Feature 13417_Cheirolophus_falcisectus
<1	>719	gene
			gene	matK

>Feature 2341_Chrysoprenanthes_pendula
<1	>737	gene
			gene	matK

>Feature 7802_Cistus_horrens
<1	>640	gene
			gene	matK

>Feature C1114_Cistus_horrens
<1	>640	gene
			gene	matK

>Feature 12272_Cistus_ochreatus
<1	>640	gene
			gene	matK

>Feature 663_Convolvulus_canariensis
<1	>724	gene
			gene	matK

>Feature 12571_Convolvulus_floridus
<1	>724	gene
			gene	matK

>Feature C1142_Convolvulus_fruticulosus
<1	>693	gene
			gene	matK

>Feature C1144_Convolvulus_fruticulosus_ssp_glandulosus
<1	>724	gene
			gene	matK

>Feature 2336_Convolvulus_perraudieri
<1	>724	gene
			gene	matK

>Feature 13428_Convolvulus_scoparius
<1	>724	gene
			gene	matK

>Feature 8662_Crambe_pritzelii
<1	>701	gene
			gene	matK

>Feature 8688_Crambe_scoparia
<1	>701	gene
			gene	matK

>Feature 8701_Crambe_tamadabensis
<1	>701	gene
			gene	matK

>Feature 1425_Dendriopoterium_menendezii
<1	>516	gene
			gene	matK

>Feature 13359_Dendriopoterium_pulidoi
<1	>515	gene
			gene	matK

>Feature NX21501_Descurainia_artemisioides
<1	>706	gene
			gene	matK

>Feature 13422_Descurainia_preauxiana
<1	>706	gene
			gene	matK

>Feature 6720_Digitalis_isabelliana
<1	>815	gene
			gene	matK

>Feature 8417_Dracunculus_canariensis
<1	>808	gene
			gene	matK

>Feature 12772_Echium_bonnetii
<1	>803	gene
			gene	matK

>Feature 13415_Echium_callithyrsum
<1	>786	gene
			gene	matK

>Feature 709_Echium_strictum
<1	>786	gene
			gene	matK

>Feature C1126_Echium_triste
<1	>786	gene
			gene	matK

>Feature 13607_Erucastrum_canariense
<1	>760	gene
			gene	matK

>Feature NX12218_Erysimum_scoparium
<1	>794	gene
			gene	matK

>Feature NX1749_Erysimum_virescens
<1	>794	gene
			gene	matK

>Feature 13236_Euphorbia_aphylla
<1	>780	gene
			gene	matK

>Feature 13238_Euphorbia_canariensis
<1	>780	gene
			gene	matK

>Feature FL249_Ferula_linkii
<1	>663	gene
			gene	matK

>Feature 1321_Festuca_agustinii
<1	>749	gene
			gene	matK

>Feature 12345_Forsskaolea_angustifolia
<1	>824	gene
			gene	matK

>Feature 2376_Geranium_reuteri
<1	>655	gene
			gene	matK

>Feature 13689_Gesnouinia_arborea
<1	>809	gene
			gene	matK

>Feature NX2349_Globularia_ascanii
<1	>824	gene
			gene	matK

>Feature NX2340_Globularia_sarcophylla
<1	>822	gene
			gene	matK

>Feature 13632_Gonospermum_ferulaceum
<1	>787	gene
			gene	matK

>Feature 20158_Gonospermum_oshanahanii
<1	>787	gene
			gene	matK

>Feature 1654_Gonospermum_ptarmiciflorum
<1	>787	gene
			gene	matK

>Feature C1366_Greenovia _aurea
<1	>471	gene
			gene	matK

>Feature 7348_Gymnosporia_cassinoides
<1	>809	gene
			gene	matK

>Feature 13530_Habenaria_tridactylites
<1	>737	gene
			gene	matK

>Feature NX2280_Helianthemum_bystropogophyllum
<1	>819	gene
			gene	matK

>Feature NX2250_Helianthemum_inaguae
<1	>819	gene
			gene	matK

>Feature NX2353_Helianthemum_tholiforme
<1	>634	gene
			gene	matK

>Feature NX1950_Hypericum_coadunatum
<1	>858	gene
			gene	matK

>Feature 11848_Hypericum_reflexum
<1	>864	gene
			gene	matK

>Feature 4110_Juniperus_cedrus
<1	>778	gene
			gene	matK

>Feature 11763_Kickxia_scoparia
<1	>822	gene
			gene	matK

>Feature 13477_Kleinia_neriifolia
<1	>645	gene
			gene	matK

>Feature 8656_Laurus_novocanariensis
<1	>800	gene
			gene	matK

>Feature NX1594_Lavandula_canariensis
<1	>812	gene
			gene	matK

>Feature 13398_Lavandula_minutolii
<1	>812	gene
			gene	matK

>Feature 1489_Lavatera_acerifolia
<1	>762	gene
			gene	matK

>Feature 13214_Limonium_benmageci
<1	>822	gene
			gene	matK

>Feature 7581_Limonium_preauxii
<1	>828	gene
			gene	matK

>Feature 7666_Limonium_sventenii
<1	>811	gene
			gene	matK

>Feature 7733_Limonium_vigaroense
<1	>822	gene
			gene	matK

>Feature 13605_Lobularia_canariensis
<1	>794	gene
			gene	matK

>Feature NX1457_Lobularia_canariensis_ssp_canariensis
<1	>794	gene
			gene	matK

>Feature 13674_Lobularia_canariensis_ssp_microsperma
<1	>733	gene
			gene	matK

>Feature NX21462_Lolium_canariense
<1	>711	gene
			gene	matK

>Feature 654_Lotus_callis-viridis
<1	>822	gene
			gene	matK

>Feature 657_Lotus_holosericeus
<1	>778	gene
			gene	matK

>Feature 12635_Lotus_spartioides
<1	>778	gene
			gene	matK

>Feature 15630_Lotus_tenellus
<1	>778	gene
			gene	matK

>Feature C1529_Marcetella_moquiniana
<1	>783	gene
			gene	matK

>Feature 2317_Micromeria_benthamii
<1	>800	gene
			gene	matK

>Feature 2313_Micromeria_canariensis
<1	>800	gene
			gene	matK

>Feature C1427_Micromeria_canariensis ssp canariensis
<1	>800	gene
			gene	matK

>Feature 11734_Micromeria_canariensis_ssp_meridialis
<1	>822	gene
			gene	matK

>Feature C1159_Micromeria_helianthemifolia
<1	>822	gene
			gene	matK

>Feature NX1918_Micromeria_lanata
<1	>822	gene
			gene	matK

>Feature 7554_Micromeria_leucantha
<1	>822	gene
			gene	matK

>Feature 12824_Micromeria_pineolens
<1	>822	gene
			gene	matK

>Feature 12557_Micromeria_tenuis
<1	>822	gene
			gene	matK

>Feature NX1891_Micromeria_tenuis_ssp_linkii
<1	>822	gene
			gene	matK

>Feature 12559_Micromeria_tenuis_ssp_tenuis
<1	>822	gene
			gene	matK

>Feature NX1849_Monanthes_brachycaulos
<1	>671	gene
			gene	matK

>Feature 1651_Neochamaelea_pulverulenta
<1	>761	gene
			gene	matK

>Feature 2365_Olea_cerasiformis
<1	>421	gene
			gene	matK

>Feature 13444_Ononis_angustissimaa
<1	>805	gene
			gene	matK

>Feature 11857_Ononis_angustissima_ssp_angustissima
<1	>805	gene
			gene	matK

>Feature 13553_Orchis_canariensis
<1	>750	gene
			gene	matK

>Feature NX641_Pancratium_canariense
<1	>819	gene
			gene	matK

>Feature 4086_Parolinia_filifolia
<1	>755	gene
			gene	matK

>Feature 12340_Parolinia_ornata
<1	>755	gene
			gene	matK

>Feature 13893_Parolinia_platypetala
<1	>755	gene
			gene	matK

>Feature NX21544_Patellifolia_webbiana
<1	>647	gene
			gene	matK

>Feature 1480_Pericallis_hadrosoma
<1	>806	gene
			gene	matK

>Feature 13412_Pericallis_webbii
<1	>807	gene
			gene	matK

>Feature 13542_Phagnalon_umbelliforme
<1	>828	gene
			gene	matK

>Feature 1007_Phoenix_canariensis
<1	>759	gene
			gene	matK

>Feature 12677_Pinus_canariensis
<1	>634	gene
			gene	matK

>Feature NX997_Plantago_asphodeloides
<1	>634	gene
			gene	matK

>Feature 13234_Plantago_webbii
<1	>736	gene
			gene	matK

>Feature 3800_Pleiomeris_canariensis
<1	>421	gene
			gene	matK

>Feature 20823_Plocama_pendula
<1	>825	gene
			gene	matK

>Feature NX21361_Polycarpaea_filifolia
<1	>741	gene
			gene	matK

>Feature 4212_Reichardia_ligulata
<1	>819	gene
			gene	matK

>Feature 11869_Reichardia_ligulata
<1	>819	gene
			gene	matK

>Feature 13653_Reseda_crystallina
<1	>758	gene
			gene	matK

>Feature 4219_Reseda_scoparia
<1	>758	gene
			gene	matK

>Feature C10438_Rhamnus_crenulata
<1	>424	gene
			gene	matK

>Feature 1438_Rumex_lunaria
<1	>775	gene
			gene	matK

>Feature 6460_Ruta_oreojasme
<1	>822	gene
			gene	matK

>Feature NX131_Rutheopsis_tortuosa 
<1	>792	gene
			gene	matK

>Feature 13577_Salsola_divaricata
<1	>721	gene
			gene	matK

>Feature 13347_Salvia_canariensis
<1	>778	gene
			gene	matK

>Feature 13402_Schizogyne_glaberrima
<1	>724	gene
			gene	matK

>Feature 13472_Scilla_haemorrhoidalis
<1	>752	gene
			gene	matK

>Feature 5524_Scrophularia_calliantha
<1	>822	gene
			gene	matK

>Feature 7759_Semele_gayae
<1	>843	gene
			gene	matK

>Feature 7676_Sideritis_sventenii
<1	>801	gene
			gene	matK

>Feature 7791_Silene_tamaranae
<1	>567	gene
			gene	matK

>Feature C1147_Solanum_lidii
<1	>663	gene
			gene	matK

>Feature 1536_Sonchus_acaulis
<1	>769	gene
			gene	matK

>Feature 13455_Sonchus_brachylobus
<1	>769	gene
			gene	matK

>Feature 13521_Sonchus_canariensis
<1	>769	gene
			gene	matK

>Feature C15150_Sonchus_capillaris
<1	>429	gene
			gene	matK

>Feature 6933_Sonchus_congestus
<1	>768	gene
			gene	matK

>Feature 13343_Sonchus_leptocephalus
<1	>769	gene
			gene	matK

>Feature 7750_Sventenia_bupleuroides
<1	>828	gene
			gene	matK

>Feature 6932_Teline_canariensis
<1	>712	gene
			gene	matK

>Feature 1501_Teline_microphylla
<1	>712	gene
			gene	matK

>Feature C1105_Teline_rosmarinifolia
<1	>712	gene
			gene	matK

>Feature 6621_Teucrium_heterophyllum_ssp_brevipilosum
<1	>747	gene
			gene	matK

>Feature 6500_Teucrium_heterophyllum_ssp_brevipilosum
<1	>747	gene
			gene	matK

>Feature NX4343_Tolpis_coronopifolia
<1	>429	gene
			gene	matK

>Feature 12761_Tolpis_lagopoda
<1	>806	gene
			gene	matK

>Feature 13460_Urtica_stachyoides
<1	>790	gene
			gene	matK

>Feature 6852_Viburnum_rigidum
<1	>795	gene
			gene	matK

>Feature 6853_Viburnum_rigidum
<1	>795	gene
			gene	matK

>Feature 6854_Viburnum_rigidum
<1	>795	gene
			gene	matK

>Feature 13541_Vicia_aphylla
<1	>637	gene
			gene	matK

>Feature NX82_Vicia_filicaulis
<1	>759	gene
			gene	matK

>Feature 13326_Volutaria_canariensis
<1	>722	gene
			gene	matK

