Sequence_ID	Bio_material	Specimen_voucher	Collected_by	Collection_date	Country
12236_Adenocarpus_foliolosus	JBCVC: DNABANK: 12236	LPA 41160	B. Navarro, J. Naranjo, B. Vilchez & J. Navarro	2002	Presa de Los Hornos (Tejeda) Canary Island, Macaronesia Spain
C1412_Aeonium_arboreum	JBCVC: DNABANK: C1412	s.n.	M.Olangua -Corral 	2013	Mesa del Junquillo (Tejeda)  Canary Island, Macaronesia Spain
C1410_Aeonium_arboreum_ssp_arboreum	JBCVC: DNABANK: C1410	s.n.	F. Oliva et al. 2005	Mesa del Junquillo (Tejeda) Canary Island, Macaronesia Spain
1504_Aeonium_canariense	JBCVC: DNABANK: 1504 LPA 41086.1 M. Olangua & J. Caujape 2020	Degollada de Tasartico (La Aldea de San Nicolas) Canary Island, Macaronesia Spain
13435_Aeonium_canariense	JBCVC: DNABANK: 13435 LPA 41086 M. Olangua & J. Caujape 2020 Degollada de Tasartico (La Aldea de San Nicolas) Canary Island, Macaronesia Spain
13709_Aeonium_percarneum	JBCVC: DNABANK: 13709 LPA 41072 M.Olangua -Corral 2021 Barranco del Anden (Valleseco) Canary Island, Macaronesia Spain
13627_Aeonium_simsii	JBCVC: DNABANK: 13627	LPA 36836	M.Olangua -Corral 	2013	Camaretas (Vega de San Mateo) Canary Island, Macaronesia Spain
6859_Aeonium_undulatum	JBCVC: DNABANK: 6859	LPA 41082	M.Olangua -Corral 	2021	Desde Los Tilos de Moya hacia Artenara (Moya-Artenara) Canary Island, Macaronesia Spain
13695_Aichryson_pachycaulon	JBCVC: DNABANK: 13695	LPA 36833.1 	M.Olangua -Corral 	2013	Cumbres (Valleseco-Artenara) Canary Island, Macaronesia Spain
13693_Aichryson_pachycaulon	JBCVC: DNABANK: 13693	LPA 36833 	M.Olangua -Corral 	2013	Cuevas de Crespo hacia Artenara (Valleseco-Artenara) Canary Island, Macaronesia Spain
NX1563_Aichryson_parlatorei	JBCVC: DNABANK: NX1563	LPA 41175	M.Olangua -Corral 	2012	Barranco Caballero (Artenara) Canary Island, Macaronesia Spain
NX1892_Aichryson_porphyrogennetos	JBCVC: DNABANK: NX1892	LPA 41178	F. Oliva et al	2005	Madrelagua- San Mateo (Valleseco-Vega de San Mateo) Canary Island, Macaronesia Spain
13392_Aichryson_punctatum	JBCVC: DNABANK: 13392	LPA 29802	M.Olangua -Corral 	2013	El Calero (Vega de San Mateo) Canary Island, Macaronesia Spain
13229_Allagopappus_canariensis	JBCVC: DNABANK: 13229 LPA 37665 F. Oliva et al 2005 Barranco del Gallego, Amurga (San Bartolome de Tirajana) Canary Island, Macaronesia Spain
2348_Allagopappus_viscosissimus	JBCVC: DNABANK: 2348 LPA 41147 F. Oliva, C. Gonzalez & J. Naranjo 2002 Barranco Arguineguin (San Bartolome de Tirajana) Canary Island, Macaronesia Spain
NX1624_Anagyris_latifolia	JBCVC: DNABANK: NX1624 LPA 41179 M. Diaz-Bertrana et al 2022 Barranco de los Cernicalos (Valsequillo) Canary Island, Macaronesia Spain
7363_Andryala_pinnatifida	JBCVC: DNABANK: 7363 LPA 13334 J. Caujape et al 2011 Barranco del Sao (Agaete) Canary Island, Macaronesia Spain
L12597_Arbutus_canariensis	JBCVC: DNABANK: L12597	LPA 27778A. Marrero	2007	Barranco Oscuro, Tamadaba (Agaete) Canary Island, Macaronesia Spain
1631_Argyranthemum_adauctum	JBCVC: DNABANK: 1631	LPA 33267M. Olangua-Corral	2015	Presa de Los Hornos (Tejeda) Canary Island, Macaronesia Spain
1050_Argyranthemum_adauctum	JBCVC: DNABANK: 1050 LPA 13355 J. Caujape et al 2012 Lomo de los Serradores (Tejeda) Canary Island, Macaronesia Spain
2366_Argyranthemum_adauctum	JBCVC: DNABANK: 2366	LPA 13362M. Diaz-Bertrana  et al	2013	Bentaiga (Tejeda) Canary Island, Macaronesia Spain
16241_Argyranthemum_adauctum	JBCVC: DNABANK: 16241 LPA 33272 M.Olangua -Corral 	2013	Barranco del Pinillo (Valleseco) Canary Island, Macaronesia Spain
1632_Argyranthemum_escarrei	JBCVC: DNABANK: 1632 LPA 41070 O. Saturno et al 2007 Sobre Artejevez (La Aldea de San Nicolas) Canary Island, Macaronesia Spain
2357_Argyranthemum_filifolium	JBCVC: DNABANK: 2357 LPA 41080 M. Olangua-Corral & J. Caujape-Castells 2021 Cortadores, Barranco de Arguineguin (Mogan) Canary Island, Macaronesia Spain
13251_Argyranthemum_frutescens	JBCVC: DNABANK: 13251 LPA 41076.1 M.Olangua -Corral 2021 Costa norte (Galdar-Agaete) Canary Island, Macaronesia Spain
13252_Argyranthemum_frutescens	JBCVC: DNABANK: 13252 LPA 41076 M.Olangua -Corral 2021 Costa norte (Galdar-Agaete) Canary Island, Macaronesia Spain
1600_Argyranthemum_frutescens	JBCVC: DNABANK: 1600	LPA 40996 M.Olangua -Corral 	2013	Punta de Las Arenas (Artenara) Canary Island, Macaronesia Spain
4207_Argyranthemum_lidii	JBCVC: DNABANK: 4207 LPA 20811 J. Caujape et al 2011 Andenes de Guayedra (Agaete) Canary Island, Macaronesia Spain
13396_Artemisia_ramosa	JBCVC: DNABANK: 13396 LPA 41040 M. Olangua-Corral & J. Caujape-Castells 2020 Barranco del Medio Almud (Mogan) Canary Island, Macaronesia Spain
13371_Artemisia_thuscula	JBCVC: DNABANK: 13371	LPA 41054	M. Olangua-Corral & J. Caujape-Castells 	2020	Mesa del Junquillo (Tejeda) Canary Island, Macaronesia Spain
13538_Asparagus_arborescens	JBCVC: DNABANK: 13538 s.n. M.Olangua -Corral 2013 Juncalillo del Sur (San Bartolome de Tirajana) Canary Island, Macaronesia Spain
13350_Asparagus_plocamoides	JBCVC: DNABANK: 13350 LPA 41047 M. Olangua-Corral & J. Caujape-Castells 2020 La Aguejerada (La Aldea de San Nicolas) Canary Island, Macaronesia Spain
12724_Asparagus_umbellatus	JBCVC: DNABANK: 12724 LPA 37675.1 J. Caujape-Castells et al. 2012 Altos de El Sao (Agaete) Canary Island, Macaronesia Spain
6971_Asparagus_umbellatus	JBCVC: DNABANK: 6971 LPA 37675 J. Caujape et al 2012 El Sao (Agaete) Canary Island, Macaronesia Spain
4217_Asteriscus_graveolens	JBCVC: DNABANK: 4217 LPA 15371 A. Marrero et al. 2005 Bajada Punta Gongora (Artenara) Canary Island, Macaronesia Spain
11923_Asteriscus_graveolens	JBCVC: DNABANK: 11923 LPA 41087 M. Olangua-Corral, 2021 Mirador de La Aldea (La Aldea de San Nicolas) Canary Island, Macaronesia Spain
7792_Babcockia_platylepis	JBCVC: DNABANK: 7792 LPA 13490 M. Martinez et al. 2011 Morro de Pajonales, R.N.I. Inagua (Tejeda) Canary Island, Macaronesia Spain
3867_Bencomia_brachystachya	JBCVC: DNABANK: 3867 LPA 11092 R. Jaen & J. Cruz 2013 Riscos Tirajana (San Bartolome de Tirajana) Canary Island, Macaronesia Spain
13386_Bosea_yervamora	JBCVC: DNABANK: 13386	LPA 26459	JBCVC	2000-2003	Tirma, Reventones de Los Pilones (Artenara) Canary Island, Macaronesia Spain
1733_Bryonia_verrucosa	JBCVC: DNABANK: 1733 LPA 41071 F. Oliva, J. Navarro, M. Soto, J. Caujape, O. Saturno & B. Navarro 2006 Desde Barranco del Calabozo hacia Agaete (Guia-Agaete) Canary Island, Macaronesia Spain
1540_Bupleurum_salicifolium	JBCVC: DNABANK: 1540	LPA 41068	M.Olangua -Corral 	2013	Mesa del Junquillo (Tejeda) Canary Island, Macaronesia Spain
8650_Bystropogon_canariensis	JBCVC: DNABANK: 8650	LPA 41064	M.Olangua -Corral 	2020	Cumbres del Norte (Valleseco- Vega de San Mateo) Canary Island, Macaronesia Spain
6638_Bystropogon_origanifolius	JBCVC: DNABANK: 6638 LPA 36333 J. Caujape et al 2010 Barranco de La Manta (Mogan) Canary Island, Macaronesia Spain
11844_Camptoloma_canariense	JBCVC: DNABANK: 11844 LPA 41203 Marco Diaz-Bertrana 2021 Degollada de Tasartico (La Aldea de San Nicolas) Canary Island, Macaronesia Spain
12378_Campylanthus_salsoloides	JBCVC: DNABANK: 12378 LPA 29822 J. Caujape et al 2014 Barranco de Berriel (San Bartolome de Tirajana) Canary Island, Macaronesia Spain
7415_Canarina_canariensis	JBCVC: DNABANK: 7415 LPA 36354 J. Caujape 2010 Andenes de la Brena (Agaete) Canary Island, Macaronesia Spain
NX21552_Carduus_baeocephalus	JBCVC: DNABANK: NX21552 LPA 16372 J. Caujape et al 2012 Anden Verde (Artenara) Canary Island, Macaronesia Spain
NX213_Carduus_clavulatus	JBCVC: DNABANK: NX213	LPA 13519	J. Caujape et al	2014	Entre Agaete y Guayedra (Agaete) Canary Island, Macaronesia Spain
NX1560_Carex_canariensis	JBCVC: DNABANK: NX1560	LPA 41069	M.Olangua -Corral 	2013	Caidero de los Hijos, Valsendero (Valleseco-Tejeda) Canary Island, Macaronesia Spain
12336_Carlina_canariensis	JBCVC: DNABANK: 12336 LPA 37667 J. Caujape et al 2012 Barranco de los Gallegos, Amurga (San Bartolome de Tirajana) Canary Island, Macaronesia Spain
12553_Carlina_texedae	JBCVC: DNABANK: 12553	LPA 41048	M. Olangua-Corral & J. Caujape-Castells 	2012	Desde Artenara al Parralillo (Tejeda) Canary Island, Macaronesia Spain		
15088_Ceballosia_fruticosa	JBCVC: DNABANK: 15088 LPA 41062 M. Olangua-Corral & J. Caujape-Castells 2013 Roque del Pino de Chodomingo, Ayagaures (San Bartolome de Tirajana) Canary Island, Macaronesia Spain
7608_Ceropegia_fusca	JBCVC: DNABANK: 7608 LPA 31896 M.Olangua -Corral 2022 Barranco Hondo, Amurga (San Bartolome de Tirajana) Canary Island, Macaronesia Spain
12694_Cheirolophus_arbutifolius	JBCVC: DNABANK: 12694	LPA 41044	M. Olangua-Corral,	2013	Carretera al Sao  (Agaete) Canary Island, Macaronesia Spain
13417_Cheirolophus_falcisectus	JBCVC: DNABANK: 13417 LPA 29819 M.Olangua -Corral 2012 Degollada de AguaSabina, Guguy (La Aldea de San Nicolas) Canary Island, Macaronesia Spain
2341_Chrysoprenanthes_pendula	JBCVC: DNABANK: 2341 s.n. M. Olangua-Corral 2020 Barranco paralelo a Cortadores (Mogan) Canary Island, Macaronesia Spain
7802_Cistus_horrens	JBCVC: DNABANK: 7802 LPA 41067 F. Oliva, O. Saturno, M. Martinez 2011 Morro de Pajonales, R.N.I Inagua (Tejeda) Canary Island, Macaronesia Spain
C1114_Cistus_horrens	JBCVC: DNABANK: C1114	s.n.	F. Oliva et al.	2005	Pinar Inagua, R.N.I. Inagua (Tejeda)  Canary Island, Macaronesia Spain
12272_Cistus_ochreatus	JBCVC: DNABANK: 12272	LPA 41060	M. Olangua-Corral	2020	Carretera circular de Tamadaba (Artenara) Canary Island, Macaronesia Spain
663_Convolvulus_canariensis	JBCVC: DNABANK: 663	LPA 41033	M. Olangua-Corral	2021	Faneque, Tamadaba (Agaete) Canary Island, Macaronesia Spain
12571_Convolvulus_floridus	JBCVC: DNABANK: 12571 LPA 41074 M. Olangua-Corral 2020 Del Sao a Presa de los Perez (Agaete-Artenara) Canary Island, Macaronesia Spain
C1142_Convolvulus_fruticulosus	JBCVC: DNABANK: C1142 LPA 37670.1 J. Caujape-Castells et al. 2005 Barranco de los Gallegos, Amurga (S. Bartolome de Tirajana) Canary Island, Macaronesia Spain
C1144_Convolvulus_fruticulosus	JBCVC: DNABANK: C1144	LPA 37670	F. Oliva et al.	2005	Barranco de los Gallegos, Amurga (San Bartolome de Tirajana) Canary Island, Macaronesia Spain
2336_Convolvulus_perraudieri	JBCVC: DNABANK: 2336	LPA 17928	J. Caujape et al	2014	Cortadores, Tauro (Mogan) Canary Island, Macaronesia Spain
13428_Convolvulus_scoparius	JBCVC: DNABANK: 13428	LPA 29800	M.Olangua -Corral 	2012	La Filipina, Barranco de Arguineguin (Mogan) Canary Island, Macaronesia Spain
8662_Crambe_pritzelii	JBCVC: DNABANK: 8662	LPA 36355	M.Olangua -Corral 	2021	Sobre Los Berrazales (Agaete) Canary Island, Macaronesia Spain
8688_Crambe_scoparia	JBCVC: DNABANK: 8688	LPA 41045	M.Olangua -Corral 	2013	Presa del Paralillo (Tejeda) Canary Island, Macaronesia Spain
8701_Crambe_tamadabensis	JBCVC: DNABANK: 8701	LPA 10202	F. Oliva et al.	2006	Montana Faneque (Agaete) Canary Island, Macaronesia Spain
1425_Dendriopoterium_menendezii	JBCVC: DNABANK: 1425	LPA 37647	 F. Oliva, J. Navarro, B. Navarro, J. Caujape & R. Jaen	2011	Riscos de Guayedra (Agaete) Canary Island, Macaronesia Spain
13359_Dendriopoterium_pulidoi	JBCVC: DNABANK: 13359	LPA 25261	M.Olangua -Corral 	2012	El Parralillo (Tejeda) Canary Island, Macaronesia Spain
NX21501_Descurainia_artemisioides	JBCVC: DNABANK: NX21501	LPA 20817	J. Caujape et al	2013	San Pedro (Agaete) Canary Island, Macaronesia Spain
13422_Descurainia_preauxiana	JBCVC: DNABANK: 13422	LPA 41058	M.Olangua -Corral 	2013	Degollada de AguaSabina, Guguy (La Aldea de San Nicolas) Canary Island, Macaronesia Spain
6720_Digitalis_isabelliana	JBCVC: DNABANK: 6720	LPA 8873	F. Oliva et al.	2010	Barranco de las magarzas, R.N.I. Inagua (Tejeda) Canary Island, Macaronesia Spain
8417_Dracunculus_canariensis	JBCVC: DNABANK: 8417	LPA 40023	A. Marrero	1999	Carretera entre El Hornillo y Fagagesto (Agaete) Canary Island, Macaronesia Spain
12772_Echium_bonnetii	JBCVC: DNABANK: 12772	LPA 36194	J. Caujape et al	2012	Valle de Agaete, La Higuera (Agaete) Canary Island, Macaronesia Spain
13415_Echium_callithyrsum	JBCVC: DNABANK: 13415	s.n.	M.Olangua -Corral 	2012	Mesa del Junquillo (Tejeda) Canary Island, Macaronesia Spain
709_Echium_strictum	JBCVC: DNABANK: 709	LPA 36349	J. Caujape & M. Soto	2011	Andenes de La Brena (Agaete) Canary Island, Macaronesia Spain
C1126_Echium_triste	JBCVC: DNABANK: C1126	LPA 8916	M.Olangua -Corral 	2019	Carretera al Puerto de Mogan (Mogan) Canary Island, Macaronesia Spain
13607_Erucastrum_canariense	JBCVC: DNABANK: 13607	LPA 36830	M.Olangua -Corral 	2013	Bajada a la Playa del Risco (Agaete) Canary Island, Macaronesia Spain
NX12218_Erysimum_scoparium	JBCVC: DNABANK: NX12218	s.n.	J. Caujape et al	2012	Andenes de la Brena (Agaete) Canary Island, Macaronesia Spain
NX1749_Erysimum_virescens	JBCVC: DNABANK: NX1749	s.n.	Marco Diaz-Bertrana		Cueva Corcho hacia Artenara (Artenara) Canary Island, Macaronesia 2021
13236_Euphorbia_aphylla	JBCVC: DNABANK: 13236	LPA 41083	M.Olangua -Corral 	2013	El Risco- Barranco de  La Palma (La Aldea de San Nicolas) Canary Island, Macaronesia Spain
13238_Euphorbia_canariensis	JBCVC: DNABANK: 13238	s.n.	M.Olangua -Corral 	2012	La Cardonera, Valle de Agaete (Agaete) Canary Island, Macaronesia Spain
FL249_Ferula_linkii	JBCVC: DNABANK: FL249	LPA 34227	J. Caujape et al	2016	Molino de viento  (Mogan) Canary Island, Macaronesia Spain
1321_Festuca_agustinii	JBCVC: DNABANK: 1321	LPA 1905	A. Marrero et al.	2000-2002	Tamadaba (Agaete) Canary Island, Macaronesia Spain
12345_Forsskaolea_angustifolia	JBCVC: DNABANK: 12345	LPA 41226	Marco Diaz-Bertrana	2021	Del Sao a Presa de los Perez (Agaete-Artenara) Canary Island, Macaronesia Spain
2376_Geranium_reuteri	JBCVC: DNABANK: 2376	s.n.	F. Oliva et al.	2005	Guayedra, barranco de Los Palosblancos (Agaete) Canary Island, Macaronesia Spain
13689_Gesnouinia_arborea	JBCVC: DNABANK: 13689	LPA 36829	Marco Diaz-Bertrana	2013	Desde Barranco del Anden hacia Artenara (Valleseco-Artenara) Canary Island, Macaronesia Spain
NX2349_Globularia_ascanii	JBCVC: DNABANK: NX2349	LPA 20117	M. Diaz-Bertrana  et al	2022	Morro de Las Lechugas, Tamadaba  (Agaete) Canary Island, Macaronesia Spain
NX2340_Globularia_sarcophylla	JBCVC: DNABANK: NX2340	LPA 19848	M. Diaz-Bertrana  et al	2022	Entre Canadon Sombrio y del Jierro (San Bartolome de Tirajana) Canary Island, Macaronesia Spain
13632_Gonospermum_ferulaceum	JBCVC: DNABANK: 13632	LPA 29829	M.Olangua -Corral 	2013	Desde Temisas hacia Santa Lucia (Santa Lucia de Tirajana) ) Canary Island, Macaronesia Spain
20158_Gonospermum_oshanahanii	JBCVC: DNABANK: 20158	LPA 15716	R. Jaen & J. Cruz	2013	Barranco de los Palosblancos, Guayedra (Agaete) Canary Island, Macaronesia Spain
1654_Gonospermum_ptarmiciflorum	JBCVC: DNABANK: 1654	LPA 16328	J. Caujape et al	2012	Riscos de Chapin-Roque Nublo (Tejeda) Canary Island, Macaronesia Spain
C1366_Greenovia_aurea	JBCVC: DNABANK: C1366	LPA 13308	A. Marrero & A.Roca 2005	Barranco de los Paloblancos, Tamadaba (Agaete) Canary Island, Macaronesia Spain
7348_Gymnosporia_cassinoides	JBCVC: DNABANK: 7348	LPA 40933	M.Olangua et al.	2005	Penones del Amo (La Aldea de San Nicolas) Canary Island, Macaronesia Spain
13530_Habenaria_tridactylites	JBCVC: DNABANK: 13530	LPA 29824	M.Olangua -Corral 	2012	Barranco de los Cabucos, El Sao (Agaete) Canary Island, Macaronesia Spain
NX2280_Helianthemum_bystropogophyllum	JBCVC: DNABANK: NX2280	LPA 37750	O. Saturno et al	2011	Ex horto casa Forestal de Inagua (Tejeda) Canary Island, Macaronesia Spain
NX2250_Helianthemum_inaguae	JBCVC: DNABANK: NX2250	LPA 35314	M. Olangua-Corral	2013	Montana de Los Hornos (La Aldea de San Nicolas) Canary Island, Macaronesia Spain
NX2353_Helianthemum_tholiforme	JBCVC: DNABANK: NX2353	LPA 40501	M.Olangua -Corral 	2010	Pista de Pilancones, Cruz Grande (San Bartolome de Tirajana Canary Island, Macaronesia Spain
NX1950_Hypericum_coadunatum	JBCVC: DNABANK: NX1950	LPA 36415	M.Olangua -Corral 	2013	Canal de La Mina, El Ancon (Tejeda) Canary Island, Macaronesia Spain
11848_Hypericum_reflexum	JBCVC: DNABANK: 11848	LPA 15861	A. Marrero et al.	2005	Degollada de Tasartico (La Aldea de San Nicolas) Canary Island, Macaronesia Spain
4110_Juniperus_cedrus	JBCVC: DNABANK: 4110	LPA 30937	B. Rumeu, R. Dominguez & M. Soto	2008	Montana del Cedro, Guguy (La Aldea de San Nicolas) Canary Island, Macaronesia Spain
11763_Kickxia_scoparia	JBCVC: DNABANK: 11763	LPA 36398	M.Olangua -Corral 	2013	Tasartico-Guguy (La Aldea de San Nicolas) Canary Island, Macaronesia Spain
13477_Kleinia_neriifolia	JBCVC: DNABANK: 13477	LPA 41050	M. Olangua-Corral & J. Caujape-Castells 	2020	La Aguejerada, Presa del Caidero de la Ninas (La Aldea de San Nicolas) Canary Island, Macaronesia Spain
8656_Laurus_novocanariensis	JBCVC: DNABANK: 8656	LPA 37942	A. Marrero & J. Caujape-Castells 	2022	Finca Sanso, Tamadaba (Agaete) Canary Island, Macaronesia Spain
NX1594_Lavandula_canariensis	JBCVC: DNABANK: NX1594	LPA 41256	M. Diaz-Bertrana  et al	2021	Desde Amagro a Agaete (Galdat-Agaete) Canary Island, Macaronesia Spain
13398_Lavandula_minutolii	JBCVC: DNABANK: 13398	LPA 41030	M.Olangua -Corral 	2020	Barranco del Medio Almud (Mogan) Canary Island, Macaronesia Spain
1489_Lavatera_acerifolia	JBCVC: DNABANK: 1489	LPA 41065	M.Olangua -Corral 	2013	Mesa del Junquillo, vertiente NO (Tejeda) Canary Island, Macaronesia Spain
13214_Limonium_benmageci	JBCVC: DNABANK: 13214	LPA 19076	A. Marrero	2000-2002	Andenes de las Arenas. Punta La Aldea, (La Aldea de San Nicolas) Canary Island, Macaronesia Spain
7581_Limonium_preauxii	JBCVC: DNABANK: 7581	LPA 41156	F. Oliva et al	2002	Barranco de Arguineguin,  El Pinillo (Mogan) Canary Island, Macaronesia Spain
7666_Limonium_sventenii	JBCVC: DNABANK: 7666	LPA 29663	M.Martinez Perez, F. Oliva & O.Saturno	2011	Lomo del Hogarzal (La Aldea de San Nicolas) Canary Island, Macaronesia Spain
7733_Limonium_vigaroense	JBCVC: DNABANK: 7733	LPA 29537	O. Saturno et al.	2011	Morro Castrado, R.N.I. Inagua (Tejeda)  Canary Island, Macaronesia Spain
13605_Lobularia_canariensis	JBCVC: DNABANK: 13605	LPA 19941.1	M.Olangua -Corral 	2013	Cerca de la Punta del Anden Verde (La Aldea de San Nicolas) Canary Island, Macaronesia Spain
NX1457_Lobularia_canariensis	JBCVC: DNABANK: NX1457	LPA 19941	M.Olangua -Corral 	2013	Cruz de Tejeda (Tejeda) Canary Island, Macaronesia Spain
13674_Lobularia_canariensis	JBCVC: DNABANK: 13674	s.n.	R. Jaen & J. Cruz	2005	Anden Verde (Artenara) Canary Island, Macaronesia Spain
NX21462_Lolium_canariense	JBCVC: DNABANK: NX21462	LPA 40981	J. Caujape et al	2008	Anden Verde (Artenara) Canary Island, Macaronesia Spain
654_Lotus_callis-viridis	JBCVC: DNABANK: 654	LPA 10108	A. Marrero et al.	2005	Anden Verde (Artenara) Canary Island, Macaronesia Spain
657_Lotus_holosericeus	JBCVC: DNABANK: 657	LPA 17155	A. Marrero	2000-2002	Pilancones (San  Bartolome de Tirajana) Canary Island, Macaronesia Spain
12635_Lotus_spartioides	JBCVC: DNABANK: 12635	LPA 19761	F.Oliva, J.B.Navarro & J.Naranjo	2005	Carretera a Presa de Las Ninas (Tejeda) Canary Island, Macaronesia Spain
15630_Lotus_tenellus	JBCVC: DNABANK: 15630	LPA 41000	D. Ojeda, R. Jaen, etc	2010	Anden Verde, llegando a Punta Gongora (Artenara) Canary Island, Macaronesia Spain
C1529_Marcetella_moquiniana	JBCVC: DNABANK: C1529	LPA 17941	A.Marrero, F. Gonzalez-Artiles, M.Gonzalez-Martin & M.J.Betancort	2000-2002	Mesa del Junquillo (Tejeda) Canary Island, Macaronesia Spain
2317_Micromeria_benthamii	JBCVC: DNABANK: 2317	LPA 37753	J. Caujape et al	2014	Canal de Cortadores (Mogan) Canary Island, Macaronesia Spain
2313_Micromeria_canariensis	JBCVC: DNABANK: 2313	LPA 37884	F. Oliva et al.	2005	Andenes del Viso, sobre El Canalizo  (La Aldea de San Nicolas) Canary Island, Macaronesia Spain
C1427_Micromeria_canariensis	JBCVC: DNABANK: C1427 LPA 26416 C. Suarez et al. 2010 Desde Galgar de Cueva Nueva hacia Agaete (Artenara-Agaete) Canary Island, Macaronesia Spain
11734_Micromeria_canariensis	JBCVC: DNABANK: 11734	LPA 37865	F. Oliva et al	2005	Lomo del Hogarzal, sobre Tasarte (La Aldea de San Nicolas) Canary Island, Macaronesia Spain
C1159_Micromeria_helianthemifolia	JBCVC: DNABANK: C1159	LPA 37766	J. Caujape et al	2014	Barranco de Tauro, Salto del Laurel (Mogan) Canary Island, Macaronesia Spain
NX1918_Micromeria_lanata	JBCVC: DNABANK: NX1918	LPA 41280	F. Oliva et al	2005	Tamadaba (Artenara) Canary Island, Macaronesia Spain
7554_Micromeria_leucantha	JBCVC: DNABANK: 7554	LPA 36343	M.Olangua -Corral 	2012	Penones del Amo (La Aldea de San Nicolas) Canary Island, Macaronesia Spain
12824_Micromeria_pineolens	JBCVC: DNABANK: 12824	LPA 41035	M.Olangua -Corral 	2021	Carretera deTamadaba (Artenara) Canary Island, Macaronesia Spain
12557_Micromeria_tenuis	JBCVC: DNABANK: 12557	 LPA 41039	F. Oliva, N. Cabrera, B. Navarro, J. Naranjo, O. Fernandez, M. Olangua & M. Gonzalez	2005	Presa de Los Perez (Artenara) Canary Island, Macaronesia Spain
NX1891_Micromeria_tenuis	JBCVC: DNABANK: NX1891	LPA 37690	F. Oliva, J. Navarro, J. Caujape, N. Cabrera & M. Soto	2005	El Valle, Montana de las Vueltas (Agaete) Canary Island, Macaronesia Spain
12559_Micromeria_tenuis	JBCVC: DNABANK: 12559	LPA 41078	M.Olangua -Corral 	2021	Mesa del Junquillo (Tejeda) Canary Island, Macaronesia Spain
NX1849_Monanthes_brachycaulos	JBCVC: DNABANK: NX1849	LPA 41284	J. Caujape-Castells et al	2012	Carretera de  Cueva Corcho hacia Artenara (Valleseco-Artenara) Canary Island, Macaronesia Spain
1651_Neochamaelea_pulverulenta	JBCVC: DNABANK: 1651	LPA 41043	M.Olangua -Corral 	2013	La Sorrueda (Santa Lucia de Tirajana)  Canary Island, Macaronesia Spain
2365_Olea_cerasiformis	JBCVC: DNABANK: 2365	LPA 41059	M. Olangua-Corral,	2020	Desde Barranco Guayadeque hacia Santa Lucia (Santa Lucia de Tirajana) Canary Island, Macaronesia Spain
13444_Ononis_angustissimaa	JBCVC: DNABANK: 13444	LPA 41049.1	M.Olangua -Corral 	2012	Degollada de Tasartico (La Aldea de San Nicolas) Canary Island, Macaronesia Spain
11857_Ononis_angustissima	JBCVC: DNABANK: 11857	LPA 41049	M.Olangua -Corral 	2012	Degollada de Tasartico (La Aldea de San Nicolas) Canary Island, Macaronesia Spain
13553_Orchis_canariensis	JBCVC: DNABANK: 13553	LPA 36995	 A.Marrero & C. Santiago	2019	Caldera de Pinos de Galdar  (Moya) Canary Island, Macaronesia Spain
NX641_Pancratium_canariense	JBCVC: DNABANK: NX641	LPA 37682	F. Oliva et al	2005	El Valle, Montana de Las Vueltas (Agaete) Canary Island, Macaronesia Spain
4086_Parolinia_filifolia	JBCVC: DNABANK: 4086	LPA 41122	MA. Gonzalez-Perez	2013	Inagua (Mogan) Canary Island, Macaronesia Spain
12340_Parolinia_ornata	JBCVC: DNABANK: 12340	LPA 41125	MA. Gonzalez-Perez	2013	Barranco de Arguineguin (Mogan) Canary Island, Macaronesia Spain
13893_Parolinia_platypetala	JBCVC: DNABANK: 13893 LPA 41135 MA. Gonzalez-Perez 2013 Barranco de Guayadeque (Ingenio-Aguimes) Canary Island, Macaronesia Spain
NX21544_Patellifolia_webbiana	JBCVC: DNABANK: NX21544	LPA 37672	M.Olangua -Corral 	2012	El Valle (Agaete) Canary Island, Macaronesia Spain
1480_Pericallis_hadrosoma	JBCVC: DNABANK: 1480	LPA 40741	B.Navarro, J.Naranjo, B.Vilches, I.Santana, M.Soto, O.Saturno & D.	2003	Hoya del Gamonal (Vega de San Mateo) Canary Island, Macaronesia Spain
13412_Pericallis_webbii	JBCVC: DNABANK: 13412	LPA 41052	M. Olangua-Corral & J. Caujape-Castells 	2020	Degollada de Tasartico (La Aldea de San Nicolas) Canary Island, Macaronesia Spain
13542_Phagnalon_umbelliforme	JBCVC: DNABANK: 13542	LPA 29820	M.Olangua -Corral 	2013	Desde Almagro hacia Agaete (Galdar-Agaete) Canary Island, Macaronesia Spain
1007_Phoenix_canariensis	JBCVC: DNABANK: 1007	s.n	J. Caujape et al	2005	Acusa Verde (Artenara) Canary Island, Macaronesia Spain
12677_Pinus_canariensis	JBCVC: DNABANK: 12677	LPA 41061	M.Olangua -Corral 	2020	Carretera circular de Tamadaba (Agaete) Canary Island, Macaronesia Spain
NX997_Plantago_asphodeloides	JBCVC: DNABANK: NX997	LPA 41289	M. Diaz-Bertrana  et al	2022	Ayagaures (San Bartolome de Tirajana) Canary Island, Macaronesia Spain
13234_Plantago_webbii	JBCVC: DNABANK: 13234	LPA 15905	J. Caujape et al	2012	Roque Bentayga (Tejeda) Canary Island, Macaronesia Spain
3800_Pleiomeris_canariensis	JBCVC: DNABANK: 3800	LPA 26796	A.Marrero & J. Caujape	2007	Los Garanones (Firgas) Canary Island, Macaronesia Spain
20823_Plocama_pendula	JBCVC: DNABANK: 20823	LPA 41079	M. Olangua-Corral & J. Caujape-Castells 	2021	Barranco  Berriel (San Bartolome de Tirajana) Canary Island, Macaronesia Spain
NX21361_Polycarpaea_filifolia	JBCVC: DNABANK: NX21361	LPA 40952	M.Olangua -Corral 	2013	Desde Almagro hacia Agaete (Galdar-Agaete) Canary Island, Macaronesia Spain
4212_Reichardia_ligulata	JBCVC: DNABANK: 4212	LPA 16374	R. Jaen & J. Cruz	2005	Anden Verde (Artenara) Canary Island, Macaronesia Spain
11869_Reichardia_ligulata	JBCVC: DNABANK: 11869	LPA 41085	M. Olangua-Corral & J. Caujape-Castells 	2020	Anden Verde (Artenara) Canary Island, Macaronesia Spain
13653_Reseda_crystallina	JBCVC: DNABANK: 13653	LPA 36828	M.Olangua -Corral 	2013	Bajada a la Playa del Risco (Agaete) Canary Island, Macaronesia Spain
4219_Reseda_scoparia	JBCVC: DNABANK: 4219	LPA 36832	M.Olangua -Corral 	2013	Desde Santa Maria de Guia hacia Agaete (Agaete) Canary Island, Macaronesia Spain
C10438_Rhamnus_crenulata	JBCVC: DNABANK: C10438	LPA 30569	A. Marrero & J. Caujape	2012	Montana de Guia sobre Ansofe (Santa Maria de Guia) Canary Island, Macaronesia Spain
1438_Rumex_lunaria	JBCVC: DNABANK: 1438	LPA 41073	M.Olangua -Corral 	2020	Camino del Sao a Presa de los Perez (Agaete-Artenara) Canary Island, Macaronesia Spain
6460_Ruta_oreojasme	JBCVC: DNABANK: 6460	LPA 29005	J. Caujape et al	2010	Barranco del Canizo (San Bartolome de Tirajana) Canary Island, Macaronesia Spain
NX131_Rutheopsis_tortuosa      JBCVC: DNABANK: NX131	LPA 40027	A. Marrero et al.	2005	Anden Verde (Artenara) Canary Island, Macaronesia Spain
13577_Salsola_divaricata	JBCVC: DNABANK: 13577	LPA 29823	M.Olangua -Corral 	2013	Desde Almagro hacia Agaete (Galdar-Agaete) Canary Island, Macaronesia Spain
13347_Salvia_canariensis	JBCVC: DNABANK: 13347	LPA 41051	M. Olangua-Corral & J. Caujape-Castells 	2020	Degollada de Tasartico (La Aldea de San Nicolas) Canary Island, Macaronesia Spain
13402_Schizogyne_glaberrima	JBCVC: DNABANK: 13402	LPA 41041	M. Olangua-Corral & J. Caujape-Castells 	2021	Barranco del Medio Almud (Mogan) Canary Island, Macaronesia Spain
13472_Scilla_haemorrhoidalis	JBCVC: DNABANK: 13472	LPA 29825	M.Olangua -Corral 	2012	Degollada de AguaSabina, Guguy (La Aldea de San Nicolas)
 Canary Island, Macaronesia Spain
5524_Scrophularia_calliantha	JBCVC: DNABANK: 5524	LPA 41055	F. Oliva, O. Saturno, M. Martinez 	2019	Pajonales, Morro Picon, R.N.I. Inagua (Tejeda)  Canary Island, Macaronesia Spain
7759_Semele_gayae	JBCVC: DNABANK: 7759	LPA 8843	 A. Marrero & R. Jaen	2005	Desde Barranco oscuro hacia Artenara (Valleseco-Artenara) Canary Island, Macaronesia Spain
7676_Sideritis_sventenii	JBCVC: DNABANK: 7676	 LPA 37874	F. Oliva, O. Saturno & M. Martinez	2011	Andenes del Viso (La Aldea de San Nicolas) Canary Island, Macaronesia Spain
7791_Silene_tamaranae	JBCVC: DNABANK: 7791	LPA 36387	F. Oliva, I. Gonzalez & M. Martinez	2011	Pajonales, Morro Picon (Tejeda)  Canary Island, Macaronesia Spain
C1147_Solanum_lidii	JBCVC: DNABANK: C1147	LPA 37666	J. Caujape, F. Oliva, J. Naranjo & O. Saturno & N. Cabrera	2005	Barranco de los Gallegos. Amurga (S. Bartolome de Tirajana) Canary Island, Macaronesia Spain
1536_Sonchus_acaulis	JBCVC: DNABANK: 1536	LPA 3004	F. Oliva et al.	2005	Cerca Cruz de Tejeda (Vega de San Mateo) Canary Island, Macaronesia Spain
13455_Sonchus_brachylobus	JBCVC: DNABANK: 13455	LPA 29818	M.Olangua -Corral 	2012	Degollada de AguaSabina, Guguy (La Aldea de San Nicolas) Canary Island, Macaronesia Spain
13521_Sonchus_canariensis	JBCVC: DNABANK: 13521	LPA 29809	M.Olangua -Corral 	2012	Desde Fagajesto hacia Agaete (Santa Maria de Guia-Agaete) Canary Island, Macaronesia Spain
C15150_Sonchus_capillaris	JBCVC: DNABANK: C15150	LPA 41053	J. Caujape et al	2013	Montana de Almagro (Galdar) Canary Island, Macaronesia Spain
6933_Sonchus_congestus	JBCVC: DNABANK: 6933	LPA 9259	A. Marrero et al	2000-2002	Desde Tilos de Moya a Agaete (Moya-Agaete) Canary Island, Macaronesia Spain
13343_Sonchus_leptocephalus	JBCVC: DNABANK: 13343	LPA 41084	M. Olangua-Corral & J. Caujape-Castells 	2020	Los Caideros, carretera de Tasartico (La Aldea de San Nicolas) Canary Island, Macaronesia Spain
7750_Sventenia_bupleuroides	JBCVC: DNABANK: 7750	LPA 25247	M. Olangua-Corral & J.Ojeda-Caceres	2009	Debajo de la Presa de la Hoya, Tamadaba (Agaete) Canary Island, Macaronesia Spain
6932_Teline_canariensis	JBCVC: DNABANK: 6932	LPA 36326	F. Oliva, J.Caujape & M. Soto	2010	Canada del Caidero, Los Tilos (Moya) Canary Island, Macaronesia Spain
1501_Teline_microphylla	JBCVC: DNABANK: 1501	LPA 37738	J. Caujape et al	2012	Mesa del Junquillo (Tejeda) Canary Island, Macaronesia Spain
C1105_Teline_rosmarinifolia	JBCVC: DNABANK: C1105	LPA 40740.1	F. Oliva et al.	2005	Pinar de Inagua (San Bartolome de Tirajana)  Canary Island, Macaronesia Spain
NX4343_Tolpis_coronopifolia	JBCVC: DNABANK: NX4343	s.n	M.Olangua -Corral 	2013	Barranco de Tirajana (San Bartolome de Tirajana) Canary Island, Macaronesia Spain
12761_Tolpis_lagopoda	JBCVC: DNABANK: 12761	LPA 41313	J. Caujape et al	2012	Del Sao a Presa de los Perez (Agaete-Artenara) Canary Island, Macaronesia Spain
13460_Urtica_stachyoides	JBCVC: DNABANK: 13460	LPA 29808	M.Olangua -Corral 	2012	Barranco de los Cabucos, El Sao (Agaete) Canary Island, Macaronesia Spain
6852_Viburnum_rigidum	JBCVC: DNABANK: 6852	LPA 41038	M.Olangua -Corral 	2021	Desde Tilos de Moya a Agaete (Moya-Agaete) Canary Island, Macaronesia Spain
6853_Viburnum_rigidum	JBCVC: DNABANK: 6853	LPA 36312	M. Soto & O. Saturno	2010	Desde Tilos de Moya a Agaete (Moya-Agaete) Canary Island, Macaronesia Spain
6854_Viburnum_rigidum	JBCVC: DNABANK: 6854	LPA 36313	M. Soto & O. Saturno	2010	Desde Tilos de Moya a Agaete (Moya-Agaete) Canary Island, Macaronesia Spain
13541_Vicia_aphylla	JBCVC: DNABANK: 13541	LPA 29814	M.Olangua -Corral 	2013	Montana de Almagro  (Galdar) Canary Island, Macaronesia Spain
NX82_Vicia_filicaulis	JBCVC: DNABANK: NX82	LPA 41341	M.Olangua -Corral 	2013	Barranco de Arguineguin (Mogan) Canary Island, Macaronesia Spain
13326_Volutaria_canariensis	JBCVC: DNABANK: 13326	LPA 29805	M.Olangua -Corral 	2012	Barranco de los Frailes (Mogan) Canary Island, Macaronesia Spain
